This file contains any messages produced by compilers while
running configure, to aid debugging if configure makes a mistake.

It was created by pfstrased configure 0.0.1, which was
generated by GNU Autoconf 2.69.  Invocation command line was

  $ ./configure 

## --------- ##
## Platform. ##
## --------- ##

hostname = tacc-stats03
uname -m = x86_64
uname -r = 3.10.0-693.5.2.el7.x86_64
uname -s = Linux
uname -v = #1 SMP Fri Oct 20 20:32:50 UTC 2017

/usr/bin/uname -p = x86_64
/bin/uname -X     = unknown

/bin/arch              = x86_64
/usr/bin/arch -k       = unknown
/usr/convex/getsysinfo = unknown
/usr/bin/hostinfo      = unknown
/bin/machine           = unknown
/usr/bin/oslevel       = unknown
/bin/universe          = unknown

PATH: /usr/pgsql-9.6/bin
PATH: /usr/local/bin
PATH: /usr/bin
PATH: /usr/local/sbin
PATH: /usr/sbin
PATH: /home/rtevans/.local/bin
PATH: /home/rtevans/bin


## ----------- ##
## Core tests. ##
## ----------- ##

configure:2141: checking for a BSD-compatible install
configure:2209: result: /usr/bin/install -c
configure:2220: checking whether build environment is sane
configure:2275: result: yes
configure:2426: checking for a thread-safe mkdir -p
configure:2465: result: /usr/bin/mkdir -p
configure:2472: checking for gawk
configure:2488: found /usr/bin/gawk
configure:2499: result: gawk
configure:2510: checking whether make sets $(MAKE)
configure:2532: result: yes
configure:2561: checking whether make supports nested variables
configure:2578: result: yes
configure:2710: checking for gcc
configure:2726: found /usr/bin/gcc
configure:2737: result: gcc
configure:2966: checking for C compiler version
configure:2975: gcc --version >&5
gcc (GCC) 4.8.5 20150623 (Red Hat 4.8.5-39)
Copyright (C) 2015 Free Software Foundation, Inc.
This is free software; see the source for copying conditions.  There is NO
warranty; not even for MERCHANTABILITY or FITNESS FOR A PARTICULAR PURPOSE.

configure:2986: $? = 0
configure:2975: gcc -v >&5
Using built-in specs.
COLLECT_GCC=gcc
COLLECT_LTO_WRAPPER=/usr/libexec/gcc/x86_64-redhat-linux/4.8.5/lto-wrapper
Target: x86_64-redhat-linux
Configured with: ../configure --prefix=/usr --mandir=/usr/share/man --infodir=/usr/share/info --with-bugurl=http://bugzilla.redhat.com/bugzilla --enable-bootstrap --enable-shared --enable-threads=posix --enable-checking=release --with-system-zlib --enable-__cxa_atexit --disable-libunwind-exceptions --enable-gnu-unique-object --enable-linker-build-id --with-linker-hash-style=gnu --enable-languages=c,c++,objc,obj-c++,java,fortran,ada,go,lto --enable-plugin --enable-initfini-array --disable-libgcj --with-isl=/builddir/build/BUILD/gcc-4.8.5-20150702/obj-x86_64-redhat-linux/isl-install --with-cloog=/builddir/build/BUILD/gcc-4.8.5-20150702/obj-x86_64-redhat-linux/cloog-install --enable-gnu-indirect-function --with-tune=generic --with-arch_32=x86-64 --build=x86_64-redhat-linux
Thread model: posix
gcc version 4.8.5 20150623 (Red Hat 4.8.5-39) (GCC) 
configure:2986: $? = 0
configure:2975: gcc -V >&5
gcc: error: unrecognized command line option '-V'
gcc: fatal error: no input files
compilation terminated.
configure:2986: $? = 4
configure:2975: gcc -qversion >&5
gcc: error: unrecognized command line option '-qversion'
gcc: fatal error: no input files
compilation terminated.
configure:2986: $? = 4
configure:3006: checking whether the C compiler works
configure:3028: gcc    conftest.c  >&5
configure:3032: $? = 0
configure:3080: result: yes
configure:3083: checking for C compiler default output file name
configure:3085: result: a.out
configure:3091: checking for suffix of executables
configure:3098: gcc -o conftest    conftest.c  >&5
configure:3102: $? = 0
configure:3124: result: 
configure:3146: checking whether we are cross compiling
configure:3154: gcc -o conftest    conftest.c  >&5
configure:3158: $? = 0
configure:3165: ./conftest
configure:3169: $? = 0
configure:3184: result: no
configure:3189: checking for suffix of object files
configure:3211: gcc -c   conftest.c >&5
configure:3215: $? = 0
configure:3236: result: o
configure:3240: checking whether we are using the GNU C compiler
configure:3259: gcc -c   conftest.c >&5
configure:3259: $? = 0
configure:3268: result: yes
configure:3277: checking whether gcc accepts -g
configure:3297: gcc -c -g  conftest.c >&5
configure:3297: $? = 0
configure:3338: result: yes
configure:3355: checking for gcc option to accept ISO C89
configure:3418: gcc  -c -g -O2  conftest.c >&5
configure:3418: $? = 0
configure:3431: result: none needed
configure:3462: checking for style of include used by make
configure:3490: result: GNU
configure:3516: checking dependency style of gcc
configure:3627: result: gcc3
configure:3643: checking whether gcc and cc understand -c and -o together
configure:3674: gcc -c conftest.c -o conftest2.o >&5
configure:3678: $? = 0
configure:3684: gcc -c conftest.c -o conftest2.o >&5
configure:3688: $? = 0
configure:3699: cc -c conftest.c >&5
configure:3703: $? = 0
configure:3711: cc -c conftest.c -o conftest2.o >&5
configure:3715: $? = 0
configure:3721: cc -c conftest.c -o conftest2.o >&5
configure:3725: $? = 0
configure:3743: result: yes
configure:3770: checking for library containing ev_run
configure:3801: gcc -o conftest -g -O2   conftest.c  >&5
/tmp/ccjnRdAt.o: In function `main':
/home/rtevans/pfstrase/server/conftest.c:22: undefined reference to `ev_run'
collect2: error: ld returned 1 exit status
configure:3801: $? = 1
configure: failed program was:
| /* confdefs.h */
| #define PACKAGE_NAME "pfstrased"
| #define PACKAGE_TARNAME "pfstrased"
| #define PACKAGE_VERSION "0.0.1"
| #define PACKAGE_STRING "pfstrased 0.0.1"
| #define PACKAGE_BUGREPORT "rtevans@tacc.utexas.edu"
| #define PACKAGE_URL ""
| #define PACKAGE "pfstrased"
| #define VERSION "0.0.1"
| /* end confdefs.h.  */
| 
| /* Override any GCC internal prototype to avoid an error.
|    Use char because int might match the return type of a GCC
|    builtin and then its argument prototype would still apply.  */
| #ifdef __cplusplus
| extern "C"
| #endif
| char ev_run ();
| int
| main ()
| {
| return ev_run ();
|   ;
|   return 0;
| }
configure:3801: gcc -o conftest -g -O2   conftest.c -lev   >&5
configure:3801: $? = 0
configure:3818: result: -lev
configure:3833: checking how to run the C preprocessor
configure:3864: gcc -E  conftest.c
configure:3864: $? = 0
configure:3878: gcc -E  conftest.c
conftest.c:11:28: fatal error: ac_nonexistent.h: No such file or directory
 #include <ac_nonexistent.h>
                            ^
compilation terminated.
configure:3878: $? = 1
configure: failed program was:
| /* confdefs.h */
| #define PACKAGE_NAME "pfstrased"
| #define PACKAGE_TARNAME "pfstrased"
| #define PACKAGE_VERSION "0.0.1"
| #define PACKAGE_STRING "pfstrased 0.0.1"
| #define PACKAGE_BUGREPORT "rtevans@tacc.utexas.edu"
| #define PACKAGE_URL ""
| #define PACKAGE "pfstrased"
| #define VERSION "0.0.1"
| /* end confdefs.h.  */
| #include <ac_nonexistent.h>
configure:3903: result: gcc -E
configure:3923: gcc -E  conftest.c
configure:3923: $? = 0
configure:3937: gcc -E  conftest.c
conftest.c:11:28: fatal error: ac_nonexistent.h: No such file or directory
 #include <ac_nonexistent.h>
                            ^
compilation terminated.
configure:3937: $? = 1
configure: failed program was:
| /* confdefs.h */
| #define PACKAGE_NAME "pfstrased"
| #define PACKAGE_TARNAME "pfstrased"
| #define PACKAGE_VERSION "0.0.1"
| #define PACKAGE_STRING "pfstrased 0.0.1"
| #define PACKAGE_BUGREPORT "rtevans@tacc.utexas.edu"
| #define PACKAGE_URL ""
| #define PACKAGE "pfstrased"
| #define VERSION "0.0.1"
| /* end confdefs.h.  */
| #include <ac_nonexistent.h>
configure:3966: checking for grep that handles long lines and -e
configure:4024: result: /usr/bin/grep
configure:4029: checking for egrep
configure:4091: result: /usr/bin/grep -E
configure:4096: checking for ANSI C header files
configure:4116: gcc -c -g -O2  conftest.c >&5
configure:4116: $? = 0
configure:4189: gcc -o conftest -g -O2   conftest.c -lev  >&5
configure:4189: $? = 0
configure:4189: ./conftest
configure:4189: $? = 0
configure:4200: result: yes
configure:4213: checking for sys/types.h
configure:4213: gcc -c -g -O2  conftest.c >&5
configure:4213: $? = 0
configure:4213: result: yes
configure:4213: checking for sys/stat.h
configure:4213: gcc -c -g -O2  conftest.c >&5
configure:4213: $? = 0
configure:4213: result: yes
configure:4213: checking for stdlib.h
configure:4213: gcc -c -g -O2  conftest.c >&5
configure:4213: $? = 0
configure:4213: result: yes
configure:4213: checking for string.h
configure:4213: gcc -c -g -O2  conftest.c >&5
configure:4213: $? = 0
configure:4213: result: yes
configure:4213: checking for memory.h
configure:4213: gcc -c -g -O2  conftest.c >&5
configure:4213: $? = 0
configure:4213: result: yes
configure:4213: checking for strings.h
configure:4213: gcc -c -g -O2  conftest.c >&5
configure:4213: $? = 0
configure:4213: result: yes
configure:4213: checking for inttypes.h
configure:4213: gcc -c -g -O2  conftest.c >&5
configure:4213: $? = 0
configure:4213: result: yes
configure:4213: checking for stdint.h
configure:4213: gcc -c -g -O2  conftest.c >&5
configure:4213: $? = 0
configure:4213: result: yes
configure:4213: checking for unistd.h
configure:4213: gcc -c -g -O2  conftest.c >&5
configure:4213: $? = 0
configure:4213: result: yes
configure:4227: checking ev.h usability
configure:4227: gcc -c -g -O2  conftest.c >&5
configure:4227: $? = 0
configure:4227: result: yes
configure:4227: checking ev.h presence
configure:4227: gcc -E  conftest.c
configure:4227: $? = 0
configure:4227: result: yes
configure:4227: checking for ev.h
configure:4227: result: yes
configure:4240: checking for library containing json_object_new_object
configure:4271: gcc -o conftest -g -O2   conftest.c -lev  >&5
/tmp/ccvV7D81.o: In function `main':
/home/rtevans/pfstrase/server/conftest.c:33: undefined reference to `json_object_new_object'
collect2: error: ld returned 1 exit status
configure:4271: $? = 1
configure: failed program was:
| /* confdefs.h */
| #define PACKAGE_NAME "pfstrased"
| #define PACKAGE_TARNAME "pfstrased"
| #define PACKAGE_VERSION "0.0.1"
| #define PACKAGE_STRING "pfstrased 0.0.1"
| #define PACKAGE_BUGREPORT "rtevans@tacc.utexas.edu"
| #define PACKAGE_URL ""
| #define PACKAGE "pfstrased"
| #define VERSION "0.0.1"
| #define STDC_HEADERS 1
| #define HAVE_SYS_TYPES_H 1
| #define HAVE_SYS_STAT_H 1
| #define HAVE_STDLIB_H 1
| #define HAVE_STRING_H 1
| #define HAVE_MEMORY_H 1
| #define HAVE_STRINGS_H 1
| #define HAVE_INTTYPES_H 1
| #define HAVE_STDINT_H 1
| #define HAVE_UNISTD_H 1
| #define HAVE_EV_H 1
| /* end confdefs.h.  */
| 
| /* Override any GCC internal prototype to avoid an error.
|    Use char because int might match the return type of a GCC
|    builtin and then its argument prototype would still apply.  */
| #ifdef __cplusplus
| extern "C"
| #endif
| char json_object_new_object ();
| int
| main ()
| {
| return json_object_new_object ();
|   ;
|   return 0;
| }
configure:4271: gcc -o conftest -g -O2   conftest.c -ljson-c  -lev  >&5
configure:4271: $? = 0
configure:4288: result: -ljson-c
configure:4300: checking json/json.h usability
configure:4300: gcc -c -g -O2  conftest.c >&5
configure:4300: $? = 0
configure:4300: result: yes
configure:4300: checking json/json.h presence
configure:4300: gcc -E  conftest.c
configure:4300: $? = 0
configure:4300: result: yes
configure:4300: checking for json/json.h
configure:4300: result: yes
configure:4313: checking for library containing initscr
configure:4344: gcc -o conftest -g -O2   conftest.c -ljson-c -lev  >&5
/tmp/cc3D6RJt.o: In function `main':
/home/rtevans/pfstrase/server/conftest.c:34: undefined reference to `initscr'
collect2: error: ld returned 1 exit status
configure:4344: $? = 1
configure: failed program was:
| /* confdefs.h */
| #define PACKAGE_NAME "pfstrased"
| #define PACKAGE_TARNAME "pfstrased"
| #define PACKAGE_VERSION "0.0.1"
| #define PACKAGE_STRING "pfstrased 0.0.1"
| #define PACKAGE_BUGREPORT "rtevans@tacc.utexas.edu"
| #define PACKAGE_URL ""
| #define PACKAGE "pfstrased"
| #define VERSION "0.0.1"
| #define STDC_HEADERS 1
| #define HAVE_SYS_TYPES_H 1
| #define HAVE_SYS_STAT_H 1
| #define HAVE_STDLIB_H 1
| #define HAVE_STRING_H 1
| #define HAVE_MEMORY_H 1
| #define HAVE_STRINGS_H 1
| #define HAVE_INTTYPES_H 1
| #define HAVE_STDINT_H 1
| #define HAVE_UNISTD_H 1
| #define HAVE_EV_H 1
| #define HAVE_JSON_JSON_H 1
| /* end confdefs.h.  */
| 
| /* Override any GCC internal prototype to avoid an error.
|    Use char because int might match the return type of a GCC
|    builtin and then its argument prototype would still apply.  */
| #ifdef __cplusplus
| extern "C"
| #endif
| char initscr ();
| int
| main ()
| {
| return initscr ();
|   ;
|   return 0;
| }
configure:4344: gcc -o conftest -g -O2   conftest.c -lncurses  -ljson-c -lev  >&5
configure:4344: $? = 0
configure:4361: result: -lncurses
configure:4373: checking ncurses.h usability
configure:4373: gcc -c -g -O2  conftest.c >&5
configure:4373: $? = 0
configure:4373: result: yes
configure:4373: checking ncurses.h presence
configure:4373: gcc -E  conftest.c
configure:4373: $? = 0
configure:4373: result: yes
configure:4373: checking for ncurses.h
configure:4373: result: yes
configure:4386: checking for library containing PQconnectdb
configure:4417: gcc -o conftest -g -O2   conftest.c -lncurses -ljson-c -lev  >&5
/tmp/ccGBD0XU.o: In function `main':
/home/rtevans/pfstrase/server/conftest.c:35: undefined reference to `PQconnectdb'
collect2: error: ld returned 1 exit status
configure:4417: $? = 1
configure: failed program was:
| /* confdefs.h */
| #define PACKAGE_NAME "pfstrased"
| #define PACKAGE_TARNAME "pfstrased"
| #define PACKAGE_VERSION "0.0.1"
| #define PACKAGE_STRING "pfstrased 0.0.1"
| #define PACKAGE_BUGREPORT "rtevans@tacc.utexas.edu"
| #define PACKAGE_URL ""
| #define PACKAGE "pfstrased"
| #define VERSION "0.0.1"
| #define STDC_HEADERS 1
| #define HAVE_SYS_TYPES_H 1
| #define HAVE_SYS_STAT_H 1
| #define HAVE_STDLIB_H 1
| #define HAVE_STRING_H 1
| #define HAVE_MEMORY_H 1
| #define HAVE_STRINGS_H 1
| #define HAVE_INTTYPES_H 1
| #define HAVE_STDINT_H 1
| #define HAVE_UNISTD_H 1
| #define HAVE_EV_H 1
| #define HAVE_JSON_JSON_H 1
| #define HAVE_NCURSES_H 1
| /* end confdefs.h.  */
| 
| /* Override any GCC internal prototype to avoid an error.
|    Use char because int might match the return type of a GCC
|    builtin and then its argument prototype would still apply.  */
| #ifdef __cplusplus
| extern "C"
| #endif
| char PQconnectdb ();
| int
| main ()
| {
| return PQconnectdb ();
|   ;
|   return 0;
| }
configure:4417: gcc -o conftest -g -O2   conftest.c -lpq  -lncurses -ljson-c -lev  >&5
configure:4417: $? = 0
configure:4434: result: -lpq
configure:4446: checking libpq-fe.h usability
configure:4446: gcc -c -g -O2  conftest.c >&5
configure:4446: $? = 0
configure:4446: result: yes
configure:4446: checking libpq-fe.h presence
configure:4446: gcc -E  conftest.c
configure:4446: $? = 0
configure:4446: result: yes
configure:4446: checking for libpq-fe.h
configure:4446: result: yes
configure:4459: checking for library containing shm_open
configure:4490: gcc -o conftest -g -O2   conftest.c -lpq -lncurses -ljson-c -lev  >&5
/usr/bin/ld: /tmp/ccuyrHem.o: undefined reference to symbol 'shm_open@@GLIBC_2.2.5'
//usr/lib64/librt.so.1: error adding symbols: DSO missing from command line
collect2: error: ld returned 1 exit status
configure:4490: $? = 1
configure: failed program was:
| /* confdefs.h */
| #define PACKAGE_NAME "pfstrased"
| #define PACKAGE_TARNAME "pfstrased"
| #define PACKAGE_VERSION "0.0.1"
| #define PACKAGE_STRING "pfstrased 0.0.1"
| #define PACKAGE_BUGREPORT "rtevans@tacc.utexas.edu"
| #define PACKAGE_URL ""
| #define PACKAGE "pfstrased"
| #define VERSION "0.0.1"
| #define STDC_HEADERS 1
| #define HAVE_SYS_TYPES_H 1
| #define HAVE_SYS_STAT_H 1
| #define HAVE_STDLIB_H 1
| #define HAVE_STRING_H 1
| #define HAVE_MEMORY_H 1
| #define HAVE_STRINGS_H 1
| #define HAVE_INTTYPES_H 1
| #define HAVE_STDINT_H 1
| #define HAVE_UNISTD_H 1
| #define HAVE_EV_H 1
| #define HAVE_JSON_JSON_H 1
| #define HAVE_NCURSES_H 1
| #define HAVE_LIBPQ_FE_H 1
| /* end confdefs.h.  */
| 
| /* Override any GCC internal prototype to avoid an error.
|    Use char because int might match the return type of a GCC
|    builtin and then its argument prototype would still apply.  */
| #ifdef __cplusplus
| extern "C"
| #endif
| char shm_open ();
| int
| main ()
| {
| return shm_open ();
|   ;
|   return 0;
| }
configure:4490: gcc -o conftest -g -O2   conftest.c -lrt  -lpq -lncurses -ljson-c -lev  >&5
configure:4490: $? = 0
configure:4507: result: -lrt
configure:4517: checking for library containing sem_open
configure:4548: gcc -o conftest -g -O2   conftest.c -lrt -lpq -lncurses -ljson-c -lev  >&5
/usr/bin/ld: /tmp/ccvr5ngK.o: undefined reference to symbol 'sem_open@@GLIBC_2.2.5'
//usr/lib64/libpthread.so.0: error adding symbols: DSO missing from command line
collect2: error: ld returned 1 exit status
configure:4548: $? = 1
configure: failed program was:
| /* confdefs.h */
| #define PACKAGE_NAME "pfstrased"
| #define PACKAGE_TARNAME "pfstrased"
| #define PACKAGE_VERSION "0.0.1"
| #define PACKAGE_STRING "pfstrased 0.0.1"
| #define PACKAGE_BUGREPORT "rtevans@tacc.utexas.edu"
| #define PACKAGE_URL ""
| #define PACKAGE "pfstrased"
| #define VERSION "0.0.1"
| #define STDC_HEADERS 1
| #define HAVE_SYS_TYPES_H 1
| #define HAVE_SYS_STAT_H 1
| #define HAVE_STDLIB_H 1
| #define HAVE_STRING_H 1
| #define HAVE_MEMORY_H 1
| #define HAVE_STRINGS_H 1
| #define HAVE_INTTYPES_H 1
| #define HAVE_STDINT_H 1
| #define HAVE_UNISTD_H 1
| #define HAVE_EV_H 1
| #define HAVE_JSON_JSON_H 1
| #define HAVE_NCURSES_H 1
| #define HAVE_LIBPQ_FE_H 1
| /* end confdefs.h.  */
| 
| /* Override any GCC internal prototype to avoid an error.
|    Use char because int might match the return type of a GCC
|    builtin and then its argument prototype would still apply.  */
| #ifdef __cplusplus
| extern "C"
| #endif
| char sem_open ();
| int
| main ()
| {
| return sem_open ();
|   ;
|   return 0;
| }
configure:4548: gcc -o conftest -g -O2   conftest.c -lpthread  -lrt -lpq -lncurses -ljson-c -lev  >&5
configure:4548: $? = 0
configure:4565: result: -lpthread
configure:4630: checking for pkg-config
configure:4648: found /usr/bin/pkg-config
configure:4660: result: /usr/bin/pkg-config
configure:4685: checking pkg-config is at least version 0.9.0
configure:4688: result: yes
configure:4877: checking that generated files are newer than configure
configure:4883: result: done
configure:4910: creating ./config.status

## ---------------------- ##
## Running config.status. ##
## ---------------------- ##

This file was extended by pfstrased config.status 0.0.1, which was
generated by GNU Autoconf 2.69.  Invocation command line was

  CONFIG_FILES    = 
  CONFIG_HEADERS  = 
  CONFIG_LINKS    = 
  CONFIG_COMMANDS = 
  $ ./config.status 

on tacc-stats03

config.status:783: creating Makefile
config.status:955: executing depfiles commands

## ---------------- ##
## Cache variables. ##
## ---------------- ##

ac_cv_c_compiler_gnu=yes
ac_cv_env_CC_set=
ac_cv_env_CC_value=
ac_cv_env_CFLAGS_set=
ac_cv_env_CFLAGS_value=
ac_cv_env_CPPFLAGS_set=
ac_cv_env_CPPFLAGS_value=
ac_cv_env_CPP_set=
ac_cv_env_CPP_value=
ac_cv_env_LDFLAGS_set=
ac_cv_env_LDFLAGS_value=
ac_cv_env_LIBS_set=
ac_cv_env_LIBS_value=
ac_cv_env_PKG_CONFIG_LIBDIR_set=
ac_cv_env_PKG_CONFIG_LIBDIR_value=
ac_cv_env_PKG_CONFIG_PATH_set=
ac_cv_env_PKG_CONFIG_PATH_value=
ac_cv_env_PKG_CONFIG_set=
ac_cv_env_PKG_CONFIG_value=
ac_cv_env_build_alias_set=
ac_cv_env_build_alias_value=
ac_cv_env_host_alias_set=
ac_cv_env_host_alias_value=
ac_cv_env_target_alias_set=
ac_cv_env_target_alias_value=
ac_cv_header_ev_h=yes
ac_cv_header_inttypes_h=yes
ac_cv_header_json_json_h=yes
ac_cv_header_libpq_fe_h=yes
ac_cv_header_memory_h=yes
ac_cv_header_ncurses_h=yes
ac_cv_header_stdc=yes
ac_cv_header_stdint_h=yes
ac_cv_header_stdlib_h=yes
ac_cv_header_string_h=yes
ac_cv_header_strings_h=yes
ac_cv_header_sys_stat_h=yes
ac_cv_header_sys_types_h=yes
ac_cv_header_unistd_h=yes
ac_cv_objext=o
ac_cv_path_EGREP='/usr/bin/grep -E'
ac_cv_path_GREP=/usr/bin/grep
ac_cv_path_ac_pt_PKG_CONFIG=/usr/bin/pkg-config
ac_cv_path_install='/usr/bin/install -c'
ac_cv_path_mkdir=/usr/bin/mkdir
ac_cv_prog_AWK=gawk
ac_cv_prog_CPP='gcc -E'
ac_cv_prog_ac_ct_CC=gcc
ac_cv_prog_cc_c89=
ac_cv_prog_cc_g=yes
ac_cv_prog_cc_gcc_c_o=yes
ac_cv_prog_make_make_set=yes
ac_cv_search_PQconnectdb=-lpq
ac_cv_search_ev_run=-lev
ac_cv_search_initscr=-lncurses
ac_cv_search_json_object_new_object=-ljson-c
ac_cv_search_sem_open=-lpthread
ac_cv_search_shm_open=-lrt
am_cv_CC_dependencies_compiler_type=gcc3
am_cv_make_support_nested_variables=yes

## ----------------- ##
## Output variables. ##
## ----------------- ##

ACLOCAL='${SHELL} /home/rtevans/pfstrase/server/missing aclocal-1.13'
AMDEPBACKSLASH='\'
AMDEP_FALSE='#'
AMDEP_TRUE=''
AMTAR='$${TAR-tar}'
AM_BACKSLASH='\'
AM_DEFAULT_V='$(AM_DEFAULT_VERBOSITY)'
AM_DEFAULT_VERBOSITY='1'
AM_V='$(V)'
AUTOCONF='${SHELL} /home/rtevans/pfstrase/server/missing autoconf'
AUTOHEADER='${SHELL} /home/rtevans/pfstrase/server/missing autoheader'
AUTOMAKE='${SHELL} /home/rtevans/pfstrase/server/missing automake-1.13'
AWK='gawk'
CC='gcc'
CCDEPMODE='depmode=gcc3'
CFLAGS='-g -O2'
CPP='gcc -E'
CPPFLAGS=''
CYGPATH_W='echo'
DEFS='-DPACKAGE_NAME=\"pfstrased\" -DPACKAGE_TARNAME=\"pfstrased\" -DPACKAGE_VERSION=\"0.0.1\" -DPACKAGE_STRING=\"pfstrased\ 0.0.1\" -DPACKAGE_BUGREPORT=\"rtevans@tacc.utexas.edu\" -DPACKAGE_URL=\"\" -DPACKAGE=\"pfstrased\" -DVERSION=\"0.0.1\" -DSTDC_HEADERS=1 -DHAVE_SYS_TYPES_H=1 -DHAVE_SYS_STAT_H=1 -DHAVE_STDLIB_H=1 -DHAVE_STRING_H=1 -DHAVE_MEMORY_H=1 -DHAVE_STRINGS_H=1 -DHAVE_INTTYPES_H=1 -DHAVE_STDINT_H=1 -DHAVE_UNISTD_H=1 -DHAVE_EV_H=1 -DHAVE_JSON_JSON_H=1 -DHAVE_NCURSES_H=1 -DHAVE_LIBPQ_FE_H=1'
DEPDIR='.deps'
ECHO_C=''
ECHO_N='-n'
ECHO_T=''
EGREP='/usr/bin/grep -E'
EXEEXT=''
GREP='/usr/bin/grep'
HAVE_SYSTEMD_FALSE='#'
HAVE_SYSTEMD_TRUE=''
INSTALL_DATA='${INSTALL} -m 644'
INSTALL_PROGRAM='${INSTALL}'
INSTALL_SCRIPT='${INSTALL}'
INSTALL_STRIP_PROGRAM='$(install_sh) -c -s'
LDFLAGS=''
LIBOBJS=''
LIBS='-lpthread -lrt -lpq -lncurses -ljson-c -lev '
LTLIBOBJS=''
MAKEINFO='${SHELL} /home/rtevans/pfstrase/server/missing makeinfo'
MKDIR_P='/usr/bin/mkdir -p'
OBJEXT='o'
PACKAGE='pfstrased'
PACKAGE_BUGREPORT='rtevans@tacc.utexas.edu'
PACKAGE_NAME='pfstrased'
PACKAGE_STRING='pfstrased 0.0.1'
PACKAGE_TARNAME='pfstrased'
PACKAGE_URL=''
PACKAGE_VERSION='0.0.1'
PATH_SEPARATOR=':'
PKG_CONFIG='/usr/bin/pkg-config'
PKG_CONFIG_LIBDIR=''
PKG_CONFIG_PATH=''
SET_MAKE=''
SHELL='/bin/sh'
STRIP=''
VERSION='0.0.1'
ac_ct_CC='gcc'
am__EXEEXT_FALSE=''
am__EXEEXT_TRUE='#'
am__fastdepCC_FALSE='#'
am__fastdepCC_TRUE=''
am__include='include'
am__isrc=''
am__leading_dot='.'
am__nodep='_no'
am__quote=''
am__tar='$${TAR-tar} chof - "$$tardir"'
am__untar='$${TAR-tar} xf -'
bindir='${exec_prefix}/bin'
build_alias=''
datadir='${datarootdir}'
datarootdir='${prefix}/share'
docdir='${datarootdir}/doc/${PACKAGE_TARNAME}'
dvidir='${docdir}'
exec_prefix='${prefix}'
host_alias=''
htmldir='${docdir}'
includedir='${prefix}/include'
infodir='${datarootdir}/info'
install_sh='${SHELL} /home/rtevans/pfstrase/server/install-sh'
libdir='${exec_prefix}/lib'
libexecdir='${exec_prefix}/libexec'
localedir='${datarootdir}/locale'
localstatedir='${prefix}/var'
mandir='${datarootdir}/man'
mkdir_p='$(MKDIR_P)'
oldincludedir='/usr/include'
pdfdir='${docdir}'
prefix='/usr/local'
program_transform_name='s,x,x,'
psdir='${docdir}'
sbindir='${exec_prefix}/sbin'
sharedstatedir='${prefix}/com'
sysconfdir='${prefix}/etc'
systemduserunitdir='/usr/lib/systemd/user'
target_alias=''

## ----------- ##
## confdefs.h. ##
## ----------- ##

/* confdefs.h */
#define PACKAGE_NAME "pfstrased"
#define PACKAGE_TARNAME "pfstrased"
#define PACKAGE_VERSION "0.0.1"
#define PACKAGE_STRING "pfstrased 0.0.1"
#define PACKAGE_BUGREPORT "rtevans@tacc.utexas.edu"
#define PACKAGE_URL ""
#define PACKAGE "pfstrased"
#define VERSION "0.0.1"
#define STDC_HEADERS 1
#define HAVE_SYS_TYPES_H 1
#define HAVE_SYS_STAT_H 1
#define HAVE_STDLIB_H 1
#define HAVE_STRING_H 1
#define HAVE_MEMORY_H 1
#define HAVE_STRINGS_H 1
#define HAVE_INTTYPES_H 1
#define HAVE_STDINT_H 1
#define HAVE_UNISTD_H 1
#define HAVE_EV_H 1
#define HAVE_JSON_JSON_H 1
#define HAVE_NCURSES_H 1
#define HAVE_LIBPQ_FE_H 1

configure: exit 0
